Arguments: 
  C:\Program Files\nodejs\node.exe C:\Users\HP\AppData\Roaming\npm\node_modules\yarn\bin\yarn.js add bootstrap

PATH: 
  C:\windows\system32;C:\windows;C:\windows\System32\Wbem;C:\windows\System32\WindowsPowerShell\v1.0\;C:\windows\System32\OpenSSH\;C:\Program Files (x86)\NVIDIA Corporation\PhysX\Common;C:\Program Files\NVIDIA Corporation\NVIDIA NvDLISR;C:\WINDOWS\system32;C:\WINDOWS;C:\WINDOWS\System32\Wbem;C:\WINDOWS\System32\WindowsPowerShell\v1.0\;C:\WINDOWS\System32\OpenSSH\;C:\Program Files\Git\cmd;C:\Program Files\nodejs\;C:\ProgramData\chocolatey\bin;C:\Program Files\MySQL\MySQL Shell 8.0\bin\;C:\Users\HP\AppData\Local\Microsoft\WindowsApps;C:\Users\HP\AppData\Local\Programs\Microsoft VS Code\bin;C:\Program Files\JetBrains\PyCharm Community Edition 2021.3\bin;C:\program files\java\jdk -17.0.2\bin;C:\Program Files\java\jdk- 17.0.2\bin;C:\Users\HP\AppData\Local\Microsoft\WindowsApps;C:\Users\HP\AppData\Roaming\npm;C:\php-8.2.0

Yarn version: 
  1.22.19

Node version: 
  18.12.1

Platform: 
  win32 x64

Trace: 
  Error: https://registry.ionicframework.com/@ionic-enterprise%2fauth: Product key does not include @ionic-enterprise/auth. Contact sales@ionic.io for access.
      at params.callback [as _callback] (C:\Users\HP\AppData\Roaming\npm\node_modules\yarn\lib\cli.js:66145:18)
      at self.callback (C:\Users\HP\AppData\Roaming\npm\node_modules\yarn\lib\cli.js:140890:22)
      at Request.emit (node:events:513:28)
      at Request.<anonymous> (C:\Users\HP\AppData\Roaming\npm\node_modules\yarn\lib\cli.js:141862:10)
      at Request.emit (node:events:513:28)
      at IncomingMessage.<anonymous> (C:\Users\HP\AppData\Roaming\npm\node_modules\yarn\lib\cli.js:141784:12)
      at Object.onceWrapper (node:events:627:28)
      at IncomingMessage.emit (node:events:525:35)
      at endReadableNT (node:internal/streams/readable:1359:12)
      at process.processTicksAndRejections (node:internal/process/task_queues:82:21)

npm manifest: 
  {
    "name": "g-g",
    "private": true,
    "version": "0.0.1",
    "type": "module",
    "scripts": {
      "dev": "vite --port=8100",
      "build": "tsc && vite build & cap sync",
      "preview": "vite preview",
      "test.e2e": "cypress run",
      "test.unit": "vitest",
      "lint": "eslint"
    },
    "dependencies": {
      "@capacitor/app": "5.0.2",
      "@capacitor/camera": "^5.0.4",
      "@capacitor/core": "^5.0.4",
      "@capacitor/haptics": "5.0.2",
      "@capacitor/keyboard": "5.0.2",
      "@capacitor/status-bar": "5.0.2",
      "@firebase/firestore": "^3.13.0",
      "@ionic-enterprise/auth": "^5.0.1",
      "@ionic/react": "^7.0.0",
      "@ionic/react-router": "^7.0.0",
      "@react-firebase/auth": "^0.2.10",
      "@react-firebase/firestore": "^0.5.5",
      "@types/react-router": "^5.1.20",
      "@types/react-router-dom": "^5.3.3",
      "bootstrap": "^5.3.0",
      "firebase": "^9.23.0",
      "ionicons": "^7.0.0",
      "react": "^18.2.0",
      "react-dev-utils": "^12.0.1",
      "react-dom": "^18.2.0",
      "react-redux": "^8.0.7",
      "react-router": "^5.3.4",
      "react-router-dom": "^5.3.4",
      "redux": "^4.2.1",
      "sass": "^1.63.6"
    },
    "devDependencies": {
      "@capacitor/cli": "^5.0.4",
      "@testing-library/jest-dom": "^5.16.5",
      "@testing-library/react": "^14.0.0",
      "@testing-library/user-event": "^14.4.3",
      "@types/firebase": "^3.2.1",
      "@types/react": "^18.0.27",
      "@types/react-dom": "^18.0.10",
      "@vitejs/plugin-legacy": "^4.0.2",
      "@vitejs/plugin-react": "^3.1.0",
      "cypress": "^12.7.0",
      "eslint": "^8.35.0",
      "eslint-plugin-react": "^7.32.2",
      "jsdom": "^21.1.0",
      "typescript": "^4.9.3",
      "vite": "^4.1.0",
      "vitest": "^0.29.2"
    },
    "description": "An Ionic project"
  }

yarn manifest: 
  No manifest

Lockfile: 
  No lockfile
